Traits-Android/proguard/seeds.txt
com.olympuskid.tr8ts.MainActivity
com.olympuskid.tr8ts.MainActivity: MainActivity()
com.olympuskid.tr8ts.R$array: int fontSize
com.olympuskid.tr8ts.R$array: int fontSizeValues
com.olympuskid.tr8ts.R$array: int theme_array
com.olympuskid.tr8ts.R$array: int theme_array_values
com.olympuskid.tr8ts.R$array: int typefaceArray
com.olympuskid.tr8ts.R$array: int typefaceArrayValue
com.olympuskid.tr8ts.R$array: int typefaceStyleArray
com.olympuskid.tr8ts.R$array: int typefaceStyleArrayValue
com.olympuskid.tr8ts.R$attr: int adSize
com.olympuskid.tr8ts.R$attr: int adSizes
com.olympuskid.tr8ts.R$attr: int adUnitId
com.olympuskid.tr8ts.R$attr: int appTheme
com.olympuskid.tr8ts.R$attr: int buyButtonAppearance
com.olympuskid.tr8ts.R$attr: int buyButtonHeight
com.olympuskid.tr8ts.R$attr: int buyButtonText
com.olympuskid.tr8ts.R$attr: int buyButtonWidth
com.olympuskid.tr8ts.R$attr: int cameraBearing
com.olympuskid.tr8ts.R$attr: int cameraTargetLat
com.olympuskid.tr8ts.R$attr: int cameraTargetLng
com.olympuskid.tr8ts.R$attr: int cameraTilt
com.olympuskid.tr8ts.R$attr: int cameraZoom
com.olympuskid.tr8ts.R$attr: int environment
com.olympuskid.tr8ts.R$attr: int fragmentMode
com.olympuskid.tr8ts.R$attr: int fragmentStyle
com.olympuskid.tr8ts.R$attr: int mapType
com.olympuskid.tr8ts.R$attr: int maskedWalletDetailsBackground
com.olympuskid.tr8ts.R$attr: int maskedWalletDetailsButtonBackground
com.olympuskid.tr8ts.R$attr: int maskedWalletDetailsButtonTextAppearance
com.olympuskid.tr8ts.R$attr: int maskedWalletDetailsHeaderTextAppearance
com.olympuskid.tr8ts.R$attr: int maskedWalletDetailsLogoImageType
com.olympuskid.tr8ts.R$attr: int maskedWalletDetailsLogoTextColor
com.olympuskid.tr8ts.R$attr: int maskedWalletDetailsTextAppearance
com.olympuskid.tr8ts.R$attr: int uiCompass
com.olympuskid.tr8ts.R$attr: int uiRotateGestures
com.olympuskid.tr8ts.R$attr: int uiScrollGestures
com.olympuskid.tr8ts.R$attr: int uiTiltGestures
com.olympuskid.tr8ts.R$attr: int uiZoomControls
com.olympuskid.tr8ts.R$color: int AliceBlue
com.olympuskid.tr8ts.R$color: int AntiqueWhite
com.olympuskid.tr8ts.R$color: int Aqua
com.olympuskid.tr8ts.R$color: int Aquamarine
com.olympuskid.tr8ts.R$color: int Azure
com.olympuskid.tr8ts.R$color: int Beige
com.olympuskid.tr8ts.R$color: int Bisque
com.olympuskid.tr8ts.R$color: int Black
com.olympuskid.tr8ts.R$color: int BlanchedAlmond
com.olympuskid.tr8ts.R$color: int Blue
com.olympuskid.tr8ts.R$color: int BlueViolet
com.olympuskid.tr8ts.R$color: int Brown
com.olympuskid.tr8ts.R$color: int BurlyWood
com.olympuskid.tr8ts.R$color: int CadetBlue
com.olympuskid.tr8ts.R$color: int Chartreuse
com.olympuskid.tr8ts.R$color: int Chocolate
com.olympuskid.tr8ts.R$color: int Coral
com.olympuskid.tr8ts.R$color: int CornflowerBlue
com.olympuskid.tr8ts.R$color: int Cornsilk
com.olympuskid.tr8ts.R$color: int Crimson
com.olympuskid.tr8ts.R$color: int Cyan
com.olympuskid.tr8ts.R$color: int DarkBlue
com.olympuskid.tr8ts.R$color: int DarkCyan
com.olympuskid.tr8ts.R$color: int DarkGoldenrod
com.olympuskid.tr8ts.R$color: int DarkGray
com.olympuskid.tr8ts.R$color: int DarkGreen
com.olympuskid.tr8ts.R$color: int DarkKhaki
com.olympuskid.tr8ts.R$color: int DarkMagenta
com.olympuskid.tr8ts.R$color: int DarkOliveGreen
com.olympuskid.tr8ts.R$color: int DarkOrange
com.olympuskid.tr8ts.R$color: int DarkOrchid
com.olympuskid.tr8ts.R$color: int DarkRed
com.olympuskid.tr8ts.R$color: int DarkSalmon
com.olympuskid.tr8ts.R$color: int DarkSeaGreen
com.olympuskid.tr8ts.R$dimen: int action_button
com.olympuskid.tr8ts.R$dimen: int activity_horizontal_margin
com.olympuskid.tr8ts.R$dimen: int activity_vertical_margin
com.olympuskid.tr8ts.R$dimen: int button_text_size
com.olympuskid.tr8ts.R$dimen: int zero_padding
...
com.google.android.gms.internal.fi
com.google.android.gms.internal.fi: com.google.android.gms.internal.fj CREATOR
com.google.android.gms.internal.fk
com.google.android.gms.internal.fk: com.google.android.gms.internal.fl CREATOR
com.google.android.gms.internal.gt
com.google.android.gms.internal.gt: com.google.android.gms.internal.gu CREATOR
com.google.android.gms.internal.gv: void setContext(android.content.Context)
com.google.android.gms.internal.hb
com.google.android.gms.internal.hb: android.os.Parcelable$Creator CREATOR
com.google.android.gms.internal.he
com.google.android.gms.internal.he: com.google.android.gms.internal.hf CREATOR
com.google.android.gms.internal.hg
com.google.android.gms.internal.hg: com.google.android.gms.internal.hh CREATOR
com.google.android.gms.internal.hi
com.google.android.gms.internal.hi: com.google.android.gms.internal.hj CREATOR
com.google.android.gms.internal.hk
com.google.android.gms.internal.hk: com.google.android.gms.internal.hl CREATOR
com.google.android.gms.internal.hm$a
com.google.android.gms.internal.hm$a: com.google.android.gms.internal.hn CREATOR
com.google.android.gms.internal.hm$b
com.google.android.gms.internal.hm$b: com.google.android.gms.internal.ho CREATOR
com.google.android.gms.internal.hq
com.google.android.gms.internal.hq: com.google.android.gms.internal.hr CREATOR
com.google.android.gms.internal.hs
com.google.android.gms.internal.hs: com.google.android.gms.internal.ht CREATOR
com.google.android.gms.internal.if: com.google.android.gms.internal.if[] values()
com.google.android.gms.internal.if: com.google.android.gms.internal.if valueOf(java.lang.String)
com.google.android.gms.internal.ig
com.google.android.gms.internal.ig: android.os.Parcelable$Creator CREATOR
com.google.android.gms.internal.il
com.google.android.gms.internal.il: android.os.Parcelable$Creator CREATOR
com.google.android.gms.internal.jb
com.google.android.gms.internal.jb: com.google.android.gms.internal.jc CREATOR
com.google.android.gms.internal.jd
com.google.android.gms.internal.jd: com.google.android.gms.internal.je CREATOR
com.google.android.gms.internal.jf
com.google.android.gms.internal.jf: com.google.android.gms.internal.jg CREATOR
com.google.android.gms.internal.jf$a
com.google.android.gms.internal.jf$a: com.google.android.gms.internal.jh CREATOR
com.google.android.gms.internal.ji$a
com.google.android.gms.internal.ji$a: com.google.android.gms.internal.jk CREATOR
com.google.android.gms.internal.jj
com.google.android.gms.internal.jm
com.google.android.gms.internal.jm: com.google.android.gms.internal.jn CREATOR
com.google.android.gms.internal.jm$a
com.google.android.gms.internal.jm$a: com.google.android.gms.internal.jo CREATOR
com.google.android.gms.internal.jm$b
com.google.android.gms.internal.jm$b: com.google.android.gms.internal.jl CREATOR
com.google.android.gms.internal.jp
com.google.android.gms.internal.jp: com.google.android.gms.internal.jq CREATOR
com.google.android.gms.internal.lg
com.google.android.gms.internal.lg: android.os.Parcelable$Creator CREATOR
com.google.android.gms.internal.li
com.google.android.gms.internal.li: android.os.Parcelable$Creator CREATOR
com.google.android.gms.internal.ls
com.google.android.gms.internal.ls: com.google.android.gms.internal.lt CREATOR
com.google.android.gms.internal.ma
com.google.android.gms.internal.ma: com.google.android.gms.internal.mb CREATOR
com.google.android.gms.internal.mc
com.google.android.gms.internal.mc: com.google.android.gms.internal.md CREATOR
com.google.android.gms.internal.mf
com.google.android.gms.internal.mf: com.google.android.gms.internal.mg CREATOR
com.google.android.gms.internal.mh
com.google.android.gms.internal.mh: com.google.android.gms.internal.mi CREATOR
com.google.android.gms.internal.mj
com.google.android.gms.internal.mj: com.google.android.gms.internal.mk CREATOR
com.google.android.gms.internal.ml
com.google.android.gms.internal.ml: com.google.android.gms.internal.mm CREATOR