Traits-Android/proguard/mapping.txt
com.olympuskid.tr8ts.MainActivity -> com.olympuskid.tr8ts.MainActivity:
    android.widget.EditText captionView -> n
    android.widget.TextView resultText -> o
    android.widget.ImageButton shareButton -> p
    com.olympuskid.tr8ts.utils.TraitManager traitManager -> q
    java.lang.String yourName -> r
    android.app.AlertDialog$Builder builderChoosePhoto -> s
    org.brickred.socialauth.android.SocialAuthAdapter socialAuthAdapter -> t
    android.graphics.Bitmap processedBitmap -> u
    android.hardware.Camera camera -> F
    int cameraId -> G
    android.widget.LinearLayout statsHolder -> H
    java.util.Set deviceGalleryPhotos -> v
    java.util.List mSelectedItems -> w
    java.io.File photoFile -> x
    boolean isItalicFont -> I
    com.olympuskid.tr8ts.enums.Mode mode -> J
    com.olympuskid.tr8ts.enums.Mode prevMode -> K
    android.net.Uri sourceUri -> y
    android.widget.Button modeButton -> L
    android.widget.ImageButton btnLoadImage -> z
    android.widget.TextView statsResultText -> A
    android.widget.TextView statsSummaryText -> B
    android.widget.ImageView imageResult -> C
    com.olympuskid.tr8ts.utils.ImageUtils imageUtils -> D
    android.widget.ImageButton fontPicker -> M
    android.widget.ImageButton settings -> N
    android.app.ProgressDialog progressDialog -> O
    int fontColor -> P
    int fontShadowColor -> Q
    android.graphics.Typeface fontTypeFace -> R
    java.lang.Integer fontSize -> S
    java.lang.Integer fontTypeFaceStyle -> T
com.olympuskid.tr8ts.MainActivity$1 -> com.olympuskid.tr8ts.a:
    com.olympuskid.tr8ts.MainActivity this$0 -> a
    void onClick(android.view.View) -> onClick
com.olympuskid.tr8ts.MainActivity$10 -> com.olympuskid.tr8ts.b:
    com.olympuskid.tr8ts.MainActivity this$0 -> a
    com.olympuskid.tr8ts.MainActivity val$that -> b
    void onClick(android.view.View) -> onClick
com.olympuskid.tr8ts.MainActivity$11 -> com.olympuskid.tr8ts.c:
    com.olympuskid.tr8ts.MainActivity this$0 -> a
    void onClick(android.view.View) -> onClick
com.olympuskid.tr8ts.MainActivity$12 -> com.olympuskid.tr8ts.d:
    com.olympuskid.tr8ts.MainActivity this$0 -> a
    boolean onKey(android.view.View,int,android.view.KeyEvent) -> onKey
com.olympuskid.tr8ts.MainActivity$13 -> com.olympuskid.tr8ts.e:
    com.olympuskid.tr8ts.MainActivity this$0 -> a
    void onItemClick(android.widget.AdapterView,android.view.View,int,long) -> onItemClick
com.olympuskid.tr8ts.MainActivity$14 -> com.olympuskid.tr8ts.f:
    com.olympuskid.tr8ts.MainActivity this$0 -> a
    void onClick(android.content.DialogInterface,int) -> onClick
com.olympuskid.tr8ts.MainActivity$15 -> com.olympuskid.tr8ts.g:
    com.olympuskid.tr8ts.MainActivity this$0 -> a
    void onClick(android.view.View) -> onClick
com.olympuskid.tr8ts.MainActivity$16 -> com.olympuskid.tr8ts.h:
    com.olympuskid.tr8ts.MainActivity this$0 -> a
    android.graphics.drawable.Drawable val$x -> b
    boolean onTouch(android.view.View,android.view.MotionEvent) -> onTouch
com.olympuskid.tr8ts.MainActivity$17 -> com.olympuskid.tr8ts.i:
    com.olympuskid.tr8ts.MainActivity this$0 -> a
    android.graphics.drawable.Drawable val$x -> b
    void onTextChanged(java.lang.CharSequence,int,int,int) -> onTextChanged
    void afterTextChanged(android.text.Editable) -> afterTextChanged
    void beforeTextChanged(java.lang.CharSequence,int,int,int) -> beforeTextChanged
com.olympuskid.tr8ts.MainActivity$18 -> com.olympuskid.tr8ts.j:
    com.olympuskid.tr8ts.MainActivity this$0 -> a
    void onPreExecute() -> onPreExecute
    java.lang.Void doInBackground(java.lang.Void[]) -> a
    void onPostExecute(java.lang.Void) -> a
    void onPostExecute(java.lang.Object) -> onPostExecute
    java.lang.Object doInBackground(java.lang.Object[]) -> doInBackground
com.olympuskid.tr8ts.MainActivity$2 -> com.olympuskid.tr8ts.k:
    com.olympuskid.tr8ts.MainActivity this$0 -> a
    void onClick(android.view.View) -> onClick
...
io.fabric.sdk.android.services.concurrency.AsyncTask$AsyncTaskResult -> b.a.a.a.a.c.f:
    io.fabric.sdk.android.services.concurrency.AsyncTask task -> a
    java.lang.Object[] data -> b
io.fabric.sdk.android.services.concurrency.AsyncTask$InternalHandler -> b.a.a.a.a.c.g:
    void handleMessage(android.os.Message) -> handleMessage
io.fabric.sdk.android.services.concurrency.AsyncTask$SerialExecutor -> b.a.a.a.a.c.h:
    java.util.LinkedList tasks -> a
    java.lang.Runnable active -> b
    void execute(java.lang.Runnable) -> execute
    void scheduleNext() -> a
io.fabric.sdk.android.services.concurrency.AsyncTask$SerialExecutor$1 -> b.a.a.a.a.c.i:
    java.lang.Runnable val$r -> a
    io.fabric.sdk.android.services.concurrency.AsyncTask$SerialExecutor this$0 -> b
    void run() -> run
io.fabric.sdk.android.services.concurrency.AsyncTask$Status -> b.a.a.a.a.c.j:
    io.fabric.sdk.android.services.concurrency.AsyncTask$Status PENDING -> a
    io.fabric.sdk.android.services.concurrency.AsyncTask$Status RUNNING -> b
    io.fabric.sdk.android.services.concurrency.AsyncTask$Status FINISHED -> c
    io.fabric.sdk.android.services.concurrency.AsyncTask$Status[] $VALUES -> d
    io.fabric.sdk.android.services.concurrency.AsyncTask$Status[] values() -> values
    io.fabric.sdk.android.services.concurrency.AsyncTask$Status valueOf(java.lang.String) -> valueOf
io.fabric.sdk.android.services.concurrency.AsyncTask$WorkerRunnable -> b.a.a.a.a.c.k:
    java.lang.Object[] params -> b
io.fabric.sdk.android.services.concurrency.Dependency -> b.a.a.a.a.c.l:
    void addDependency(io.fabric.sdk.android.services.concurrency.Dependency) -> a
    java.util.Collection getDependencies() -> B
io.fabric.sdk.android.services.concurrency.DependencyPriorityBlockingQueue -> b.a.a.a.a.c.m:
    java.util.Queue blockedQueue -> a
    java.util.concurrent.locks.ReentrantLock lock -> b
    java.lang.Object take() -> take
    java.lang.Object peek() -> peek
    java.lang.Object poll(long,java.util.concurrent.TimeUnit) -> poll
    java.lang.Object poll() -> poll
    int size() -> size
    java.lang.Object[] toArray(java.lang.Object[]) -> toArray
    java.lang.Object[] toArray() -> toArray
    int drainTo(java.util.Collection) -> drainTo
    int drainTo(java.util.Collection,int) -> drainTo
    boolean contains(java.lang.Object) -> contains
    void clear() -> clear
    boolean remove(java.lang.Object) -> remove
    boolean removeAll(java.util.Collection) -> removeAll
    java.lang.Object performOperation(int,java.lang.Long,java.util.concurrent.TimeUnit) -> a
    boolean offerBlockedResult(int,java.lang.Object) -> a
    java.lang.Object get(int,java.lang.Long,java.util.concurrent.TimeUnit) -> b
    boolean canProcess(java.lang.Object) -> a
    void onComplete(java.lang.Object) -> b
    java.lang.Object[] concatenate(java.lang.Object[],java.lang.Object[]) -> a
io.fabric.sdk.android.services.concurrency.DependsOn -> b.a.a.a.a.c.n:
    java.lang.Class[] value() -> a
io.fabric.sdk.android.services.concurrency.Priority -> b.a.a.a.a.c.o:
    io.fabric.sdk.android.services.concurrency.Priority LOW -> a
    io.fabric.sdk.android.services.concurrency.Priority NORMAL -> b
    io.fabric.sdk.android.services.concurrency.Priority HIGH -> c
    io.fabric.sdk.android.services.concurrency.Priority IMMEDIATE -> d
    io.fabric.sdk.android.services.concurrency.Priority[] $VALUES -> e
    io.fabric.sdk.android.services.concurrency.Priority[] values() -> values
    io.fabric.sdk.android.services.concurrency.Priority valueOf(java.lang.String) -> valueOf
    int compareTo(io.fabric.sdk.android.services.concurrency.PriorityProvider,java.lang.Object) -> a