Traits-Android/proguard/usage.txt
com.olympuskid.tr8ts.AdmobEventMainActivityInterface
com.olympuskid.tr8ts.BaseActivity
com.olympuskid.tr8ts.BuildConfig
com.olympuskid.tr8ts.MainActivity:
    static android.app.ProgressDialog progressBar
    private static final int REQUEST_CODE_GALLERY_PHOTO
    private static final int REQUEST_CODE_TAKE_PHOTO
    private static final int REQUEST_CODE_GPLUS_SHARE
    android.widget.TextView textSource
    android.widget.EditText editTextCaption
    private static final java.lang.String TEST_DEVICE_ID
    private static final java.lang.String DEBUG_TAG
    939:939:private void addLuckyButtonListener()
com.olympuskid.tr8ts.R
com.olympuskid.tr8ts.R$array
com.olympuskid.tr8ts.R$attr
com.olympuskid.tr8ts.R$color
com.olympuskid.tr8ts.R$dimen
com.olympuskid.tr8ts.R$drawable
com.olympuskid.tr8ts.R$id
com.olympuskid.tr8ts.R$integer
com.olympuskid.tr8ts.R$layout
com.olympuskid.tr8ts.R$menu
com.olympuskid.tr8ts.R$string
com.olympuskid.tr8ts.R$style
com.olympuskid.tr8ts.R$styleable
com.olympuskid.tr8ts.R$xml
com.olympuskid.tr8ts.adapters.SearchableTraitsAdapter$SearchableTraitListActionInterface
com.olympuskid.tr8ts.adapters.SharelistAdapter:
    24:27:public SharelistAdapter(android.content.Context,int)
    37:41:public SharelistAdapter(android.content.Context,int,int,java.util.List)
com.olympuskid.tr8ts.db.dao.DaoMaster:
    public static final int SCHEMA_VERSION
    65:65:public com.olympuskid.tr8ts.db.dao.DaoSession newSession(de.greenrobot.dao.identityscope.IdentityScopeType)
    1:1:public bridge synthetic de.greenrobot.dao.AbstractDaoSession newSession(de.greenrobot.dao.identityscope.IdentityScopeType)
    1:1:public bridge synthetic de.greenrobot.dao.AbstractDaoSession newSession()
com.olympuskid.tr8ts.db.dao.DaoSession:
    39:40:public void clear()
com.olympuskid.tr8ts.db.dao.TraitDao:
    36:37:public TraitDao(de.greenrobot.dao.internal.DaoConfig)
    119:126:public void readEntity(android.database.Cursor,com.olympuskid.tr8ts.db.models.Trait,int)
    148:148:protected boolean isEntityUpdateable()
    1:1:public bridge synthetic void readEntity(android.database.Cursor,java.lang.Object,int)
com.olympuskid.tr8ts.db.models.Trait:
    27:29:public Trait(java.lang.Long)
    64:65:public void setPolarity(int)
    72:73:public void setGender(java.lang.Integer)
    80:81:public void setIsCustom(java.lang.Boolean)
    88:89:public void setCreatedAt(java.util.Date)
    96:97:public void setUpdatedAt(java.util.Date)
com.olympuskid.tr8ts.dialog.AlertDialogActivity:
    android.content.SharedPreferences prefs
com.olympuskid.tr8ts.models.GeneratedTextItem:
    17:18:public void setValid(boolean)
    25:26:public void setGeneratedText(java.lang.String)
com.olympuskid.tr8ts.models.SharelistItem:
    18:19:public void setImageResourceId(int)
    26:27:public void setShareTitle(java.lang.String)
com.olympuskid.tr8ts.preferences.FontStylePreference
com.olympuskid.tr8ts.preferences.SeekbarPreference
com.olympuskid.tr8ts.utils.Constants
com.olympuskid.tr8ts.utils.FontPicker:
    public static final int ROW_HEIGHT
    public static final int DEFAULT_PADDING
...
android.support.v4.content.pm.ActivityInfoCompat
android.support.v4.content.res.ResourcesCompat
android.support.v4.content.res.ResourcesCompatApi21
android.support.v4.database.DatabaseUtilsCompat
android.support.v4.graphics.BitmapCompat
android.support.v4.graphics.BitmapCompat$BaseBitmapImpl
android.support.v4.graphics.BitmapCompat$BitmapImpl
android.support.v4.graphics.BitmapCompat$HcMr1BitmapCompatImpl
android.support.v4.graphics.BitmapCompat$JbMr2BitmapCompatImpl
android.support.v4.graphics.BitmapCompat$KitKatBitmapCompatImpl
android.support.v4.graphics.BitmapCompatHoneycombMr1
android.support.v4.graphics.BitmapCompatJellybeanMR2
android.support.v4.graphics.BitmapCompatKitKat
android.support.v4.graphics.drawable.DrawableCompat:
    28:109:public DrawableCompat()
android.support.v4.graphics.drawable.DrawableCompatHoneycomb:
    24:24:DrawableCompatHoneycomb()
android.support.v4.graphics.drawable.DrawableCompatKitKat:
    24:24:DrawableCompatKitKat()
android.support.v4.graphics.drawable.DrawableCompatL:
    26:26:DrawableCompatL()
android.support.v4.graphics.drawable.RoundedBitmapDrawable
android.support.v4.graphics.drawable.RoundedBitmapDrawable21
android.support.v4.graphics.drawable.RoundedBitmapDrawableFactory
android.support.v4.graphics.drawable.RoundedBitmapDrawableFactory$DefaultRoundedBitmapDrawable
android.support.v4.hardware.display.DisplayManagerCompat
android.support.v4.hardware.display.DisplayManagerCompat$JellybeanMr1Impl
android.support.v4.hardware.display.DisplayManagerCompat$LegacyImpl
android.support.v4.hardware.display.DisplayManagerJellybeanMr1
android.support.v4.internal.view.SupportMenu:
    public static final int USER_MASK
    public static final int USER_SHIFT
    public static final int CATEGORY_MASK
    public static final int CATEGORY_SHIFT
android.support.v4.internal.view.SupportMenuItem:
    public static final int SHOW_AS_ACTION_NEVER
    public static final int SHOW_AS_ACTION_IF_ROOM
    public static final int SHOW_AS_ACTION_ALWAYS
    public static final int SHOW_AS_ACTION_WITH_TEXT
    public static final int SHOW_AS_ACTION_COLLAPSE_ACTION_VIEW
    public abstract android.view.MenuItem setShowAsActionFlags(int)
    public abstract android.support.v4.view.ActionProvider getSupportActionProvider()
    public abstract boolean collapseActionView()
    public abstract android.support.v4.internal.view.SupportMenuItem setSupportOnActionExpandListener(android.support.v4.view.MenuItemCompat$OnActionExpandListener)
android.support.v4.media.MediaMetadataCompat:
    private static final java.lang.String TAG
    public static final java.lang.String METADATA_KEY_TITLE
    public static final java.lang.String METADATA_KEY_ARTIST
    public static final java.lang.String METADATA_KEY_DURATION
    public static final java.lang.String METADATA_KEY_ALBUM
    public static final java.lang.String METADATA_KEY_AUTHOR
    public static final java.lang.String METADATA_KEY_WRITER
    public static final java.lang.String METADATA_KEY_COMPOSER
    public static final java.lang.String METADATA_KEY_COMPILATION
    public static final java.lang.String METADATA_KEY_DATE
    public static final java.lang.String METADATA_KEY_YEAR
    public static final java.lang.String METADATA_KEY_GENRE
    public static final java.lang.String METADATA_KEY_TRACK_NUMBER
    public static final java.lang.String METADATA_KEY_NUM_TRACKS
    public static final java.lang.String METADATA_KEY_DISC_NUMBER
    public static final java.lang.String METADATA_KEY_ALBUM_ARTIST
    public static final java.lang.String METADATA_KEY_ART
    public static final java.lang.String METADATA_KEY_ART_URI
    public static final java.lang.String METADATA_KEY_ALBUM_ART
    public static final java.lang.String METADATA_KEY_ALBUM_ART_URI
    public static final java.lang.String METADATA_KEY_USER_RATING
    public static final java.lang.String METADATA_KEY_RATING
    public static final java.lang.String METADATA_KEY_DISPLAY_TITLE